
ROM used: 5518 (17%)
          5518 (17%) including unused fragments

          6 Average locations per line
          22 Average locations per statement

RAM used: 268 (13%) at main() level
          293 (14%) worst case

Stack used: 7 worst case (out of 31 total available)

Lines Stmts  %   Files
----- ----- ---  -----
  320   192  77  SUPERPID.c
  412     0   0  ..\..\..\..\..\..\Program Files (x86)\PICC\devices\18F2550.h
  256    56  23  flex_lcd.c
----- -----
  988   248 Total

Page ROM  %  RAM   Vol Diff  Functions:
---- --- --- ---   --- ----  ----------
0     40   0   1             @delay_ms1
0     20   0   0             @const65
0     60   1   1   326  2.8  lcd_send_nibble
0     60   1   3   235  3.8  lcd_send_byte
0    108   1   2   380  4.7  lcd_init
0     38   0   4   186  5.5  lcd_gotoxy
0     92   1   1   272  4.1  lcd_putc
0     90   1   0   738  4.3  default_isr
0    716   6   4  1719  7.3  MAIN
0     54   0   2             @ITOF
0    246   2  11             @MULFF
0    350   3  14             @DIVFF
0     60   1   4             @SFTOI
0     16   0   0             @const146
0     42   0   3             @PSTRINGCN_79
0    190   2   9             @PRINTF_LU_79
0    248   2   9             @PRINTF_LD_79
0     18   0   0             @const155
0     32   0   2             @PSTRINGC_79
0     18   0   0             @const157
0     18   0   0             @const158
0      2   0   0             @const159
0    962   9   9  1197  7.3  PID
0    148   1  13             @DIV3232
0     80   1   2             @SITOF
0    632   6  16             @ADDFF
0    122   1  10             @FLT
0     86   1   6             @MULS1616
0    316   3   1   796  6.6  testAC
0     16   0   0             @const181
0      2   0   0             @const182
0     12   0   0             @const183
0    228   2  13             @PRINTF_L32U_79FP
0      2   0   0             @const188
0    196   2   1   901  2.9  init
0      2   0   0             @const189
0     16   0   0             @const190
0     16   0   0             @const191
0      2   0   0             @const192
 Inline        0             @cinit1

Program metrics:
    Functions               10
    Statements              248
    Comments                176
    Volume (V)              10221
    Difficulty (D)          46.7
    Effort to implement (E) 477196
    Time to implement (T)   7 hours, 22 minutes
    Est Delivered Bugs (B)  2
    Cyclomatic Complexity   31
    Maintainability (MI)    93

 Segment     Used  Free
-----------  ----  ----
00000-00002     4  0  
00004-00006     0  4  
00008-000A4   158  0  
000A6-07FFE  5356  27246  



