
ROM used: 1224 (15%)
          1224 (15%) including unused fragments

          2 Average locations per line
          8 Average locations per statement

RAM used: 52 (14%) at main() level
          69 (19%) worst case

Stack used: 6 worst case (out of 8 total available)

Lines Stmts  %   Files
----- ----- ---  -----
  185   103  65  DIMMER.c
  331     0   0  C:\Program Files\PICC\devices\16F877a.h
  256    56  35  flex_lcd.c
----- -----
  772   159 Total

Page ROM  %  RAM   Vol Diff  Functions:
---- --- --- ---   --- ----  ----------
0     20   2   1             @delay_ms1
0      8   1   0             @const66
0     44   4   1   326  2.8  lcd_send_nibble
0     39   3   3   235  3.8  lcd_send_byte
0     47   4   2   380  4.7  lcd_init
0     18   1   4   186  5.5  lcd_gotoxy
0     37   3   1   272  4.1  lcd_putc
0     40   3   0   481  4.3  default_isr
0    248  20   2  1371  5.8  MAIN
0      1   0   0             @const126
0     75   6   4             @PSTRINGC7_79
0      5   0   0             @const128
0      1   0   0             @const129
0      3   0   0             @const130
0     31   3   2             @ITOF
0    119  10  13             @MULFF
0    204  17  14             @DIVFF
0     33   3   4             @SFTOI
0    128  10   9             @PRINTF_LD_79
0     80   7   2   183  4.4  CalcularVelocidad
 Inline        5             @MUL1616

Program metrics:
    Functions               8
    Statements              159
    Comments                139
    Volume (V)              5124
    Difficilty (D)          34.0
    Effort to implement (E) 174263
    Time to implement (T)   2 hours, 41 minutes
    Est Delivered Bugs (B)  1
    Cyclomatic Complexity   18
    Maintainability (MI)    97

 Segment     Used  Free
-----------  ----  ----
00000-00003     4  0  
00004-0002A    39  0  
0002B-007FF  1181  824  
00800-00FFF     0  2048  
01000-017FF     0  2048  
01800-01FFF     0  2048  



